Using pre-set license
Built from '2022.3/staging' branch; Version is '2022.3.28f1 (6bae5ce6b222) revision 7056988'; Using compiler version '192829333'; Build Type 'Release'
OS: 'Windows 11  (10.0.22631) 64bit CoreSingleLanguage' Language: 'en' Physical Memory: 20330 MB
BatchMode: 1, IsHumanControllingUs: 0, StartBugReporterOnCrash: 0, Is64bit: 1, IsPro: 1

COMMAND LINE ARGUMENTS:
C:\Program Files\Unity\Hub\Editor\2022.3.28f1\Editor\Unity.exe
-adb2
-batchMode
-noUpm
-name
AssetImportWorker0
-projectPath
E:/Dimuth/AR Game/ARImageTracking
-logFile
Logs/AssetImportWorker0.log
-srvPort
54484
Successfully changed project path to: E:/Dimuth/AR Game/ARImageTracking
E:/Dimuth/AR Game/ARImageTracking
[UnityMemory] Configuration Parameters - Can be set up in boot.config
    "memorysetup-bucket-allocator-granularity=16"
    "memorysetup-bucket-allocator-bucket-count=8"
    "memorysetup-bucket-allocator-block-size=33554432"
    "memorysetup-bucket-allocator-block-count=8"
    "memorysetup-main-allocator-block-size=16777216"
    "memorysetup-thread-allocator-block-size=16777216"
    "memorysetup-gfx-main-allocator-block-size=16777216"
    "memorysetup-gfx-thread-allocator-block-size=16777216"
    "memorysetup-cache-allocator-block-size=4194304"
    "memorysetup-typetree-allocator-block-size=2097152"
    "memorysetup-profiler-bucket-allocator-granularity=16"
    "memorysetup-profiler-bucket-allocator-bucket-count=8"
    "memorysetup-profiler-bucket-allocator-block-size=33554432"
    "memorysetup-profiler-bucket-allocator-block-count=8"
    "memorysetup-profiler-allocator-block-size=16777216"
    "memorysetup-profiler-editor-allocator-block-size=1048576"
    "memorysetup-temp-allocator-size-main=16777216"
    "memorysetup-job-temp-allocator-block-size=2097152"
    "memorysetup-job-temp-allocator-block-size-background=1048576"
    "memorysetup-job-temp-allocator-reduction-small-platforms=262144"
    "memorysetup-allocator-temp-initial-block-size-main=262144"
    "memorysetup-allocator-temp-initial-block-size-worker=262144"
    "memorysetup-temp-allocator-size-background-worker=32768"
    "memorysetup-temp-allocator-size-job-worker=262144"
    "memorysetup-temp-allocator-size-preload-manager=33554432"
    "memorysetup-temp-allocator-size-nav-mesh-worker=65536"
    "memorysetup-temp-allocator-size-audio-worker=65536"
    "memorysetup-temp-allocator-size-cloud-worker=32768"
    "memorysetup-temp-allocator-size-gi-baking-worker=262144"
    "memorysetup-temp-allocator-size-gfx=262144"
Player connection [2508] Host "[IP] 192.168.43.95 [Port] 0 [Flags] 2 [Guid] 3598556376 [EditorId] 3598556376 [Version] 1048832 [Id] WindowsEditor(7,DESKTOP-O9D2AML) [Debug] 1 [PackageName] WindowsEditor [ProjectName] Editor" joined multi-casting on [225.0.0.222:54997]...

Player connection [2508] Host "[IP] 192.168.43.95 [Port] 0 [Flags] 2 [Guid] 3598556376 [EditorId] 3598556376 [Version] 1048832 [Id] WindowsEditor(7,DESKTOP-O9D2AML) [Debug] 1 [PackageName] WindowsEditor [ProjectName] Editor" joined alternative multi-casting on [225.0.0.222:34997]...

[Physics::Module] Initialized MultithreadedJobDispatcher with 7 workers.
Refreshing native plugins compatible for Editor in 28.21 ms, found 4 plugins.
Preloading 0 native plugins for Editor in 0.00 ms.
Initialize engine version: 2022.3.28f1 (6bae5ce6b222)
[Subsystems] Discovering subsystems at path C:/Program Files/Unity/Hub/Editor/2022.3.28f1/Editor/Data/Resources/UnitySubsystems
[Subsystems] Discovering subsystems at path E:/Dimuth/AR Game/ARImageTracking/Assets
GfxDevice: creating device client; threaded=0; jobified=0
Direct3D:
    Version:  Direct3D 11.0 [level 11.1]
    Renderer: Intel(R) UHD Graphics 620 (ID=0x3ea0)
    Vendor:   Intel
    VRAM:     10165 MB
    Driver:   31.0.101.2111
Initialize mono
Mono path[0] = 'C:/Program Files/Unity/Hub/Editor/2022.3.28f1/Editor/Data/Managed'
Mono path[1] = 'C:/Program Files/Unity/Hub/Editor/2022.3.28f1/Editor/Data/MonoBleedingEdge/lib/mono/unityjit-win32'
Mono config path = 'C:/Program Files/Unity/Hub/Editor/2022.3.28f1/Editor/Data/MonoBleedingEdge/etc'
Using monoOptions --debugger-agent=transport=dt_socket,embedding=1,server=y,suspend=n,address=127.0.0.1:56880
Begin MonoManager ReloadAssembly
Registering precompiled unity dll's ...
Register platform support module: C:/Program Files/Unity/Hub/Editor/2022.3.28f1/Editor/Data/PlaybackEngines/AndroidPlayer/UnityEditor.Android.Extensions.dll
Register platform support module: C:/Program Files/Unity/Hub/Editor/2022.3.28f1/Editor/Data/PlaybackEngines/WindowsStandaloneSupport/UnityEditor.WindowsStandalone.Extensions.dll
Registered in 0.019333 seconds.
- Loaded All Assemblies, in  1.276 seconds
Native extension for WindowsStandalone target not found
Native extension for Android target not found
Android Extension - Scanning For ADB Devices 610 ms
Mono: successfully reloaded assembly
- Finished resetting the current domain, in  1.692 seconds
Domain Reload Profiling: 2965ms
	BeginReloadAssembly (394ms)
		ExecutionOrderSort (0ms)
		DisableScriptedObjects (0ms)
		BackupInstance (0ms)
		ReleaseScriptingObjects (0ms)
		CreateAndSetChildDomain (2ms)
	RebuildCommonClasses (106ms)
	RebuildNativeTypeToScriptingClass (40ms)
	initialDomainReloadingComplete (179ms)
	LoadAllAssembliesAndSetupDomain (553ms)
		LoadAssemblies (391ms)
		RebuildTransferFunctionScriptingTraits (0ms)
		AnalyzeDomain (546ms)
			TypeCache.Refresh (544ms)
				TypeCache.ScanAssembly (491ms)
			ScanForSourceGeneratedMonoScriptInfo (1ms)
			ResolveRequiredComponents (1ms)
	FinalizeReload (1693ms)
		ReleaseScriptCaches (0ms)
		RebuildScriptCaches (0ms)
		SetupLoadedEditorAssemblies (1511ms)
			LogAssemblyErrors (0ms)
			InitializePlatformSupportModulesInManaged (950ms)
			SetLoadedEditorAssemblies (11ms)
			RefreshPlugins (0ms)
			BeforeProcessingInitializeOnLoad (7ms)
			ProcessInitializeOnLoadAttributes (392ms)
			ProcessInitializeOnLoadMethodAttributes (151ms)
			AfterProcessingInitializeOnLoad (0ms)
			EditorAssembliesLoaded (0ms)
		ExecutionOrderSort2 (0ms)
		AwakeInstancesAfterBackupRestoration (0ms)
========================================================================
Worker process is ready to serve import requests
Begin MonoManager ReloadAssembly
- Loaded All Assemblies, in  2.013 seconds
Refreshing native plugins compatible for Editor in 14.19 ms, found 4 plugins.
Native extension for WindowsStandalone target not found
Native extension for Android target not found
Package Manager log level set to [2]
[Package Manager] Server::EnsureServerProcessIsRunning -- launch failed, reason: Unity was launched with the -noUpm command-line argument
[Package Manager] UpmClient::Send -- Unable to send message (not connected to UPM process).
[Package Manager] Cannot connect to Unity Package Manager local server
[Package Manager] Server::EnsureServerProcessIsRunning -- launch failed, reason: Unity was launched with the -noUpm command-line argument
[Package Manager] UpmClient::Send -- Unable to send message (not connected to UPM process).
[Package Manager] Cannot connect to Unity Package Manager local server
Mono: successfully reloaded assembly
[Package Manager] Server::EnsureServerProcessIsRunning -- launch failed, reason: Unity was launched with the -noUpm command-line argument
[Package Manager] UpmClient::Send -- Unable to send message (not connected to UPM process).
[Package Manager] Cannot connect to Unity Package Manager local server
[Package Manager] Server::EnsureServerProcessIsRunning -- launch failed, reason: Unity was launched with the -noUpm command-line argument
[Package Manager] UpmClient::Send -- Unable to send message (not connected to UPM process).
[Package Manager] Cannot connect to Unity Package Manager local server
- Finished resetting the current domain, in  2.071 seconds
Domain Reload Profiling: 4079ms
	BeginReloadAssembly (416ms)
		ExecutionOrderSort (0ms)
		DisableScriptedObjects (18ms)
		BackupInstance (0ms)
		ReleaseScriptingObjects (0ms)
		CreateAndSetChildDomain (58ms)
	RebuildCommonClasses (102ms)
	RebuildNativeTypeToScriptingClass (38ms)
	initialDomainReloadingComplete (121ms)
	LoadAllAssembliesAndSetupDomain (1329ms)
		LoadAssemblies (893ms)
		RebuildTransferFunctionScriptingTraits (0ms)
		AnalyzeDomain (677ms)
			TypeCache.Refresh (582ms)
				TypeCache.ScanAssembly (528ms)
			ScanForSourceGeneratedMonoScriptInfo (69ms)
			ResolveRequiredComponents (23ms)
	FinalizeReload (2073ms)
		ReleaseScriptCaches (0ms)
		RebuildScriptCaches (0ms)
		SetupLoadedEditorAssemblies (1524ms)
			LogAssemblyErrors (0ms)
			InitializePlatformSupportModulesInManaged (64ms)
			SetLoadedEditorAssemblies (9ms)
			RefreshPlugins (0ms)
			BeforeProcessingInitializeOnLoad (207ms)
			ProcessInitializeOnLoadAttributes (1139ms)
			ProcessInitializeOnLoadMethodAttributes (89ms)
			AfterProcessingInitializeOnLoad (16ms)
			EditorAssembliesLoaded (1ms)
		ExecutionOrderSort2 (0ms)
		AwakeInstancesAfterBackupRestoration (24ms)
Launched and connected shader compiler UnityShaderCompiler.exe after 0.11 seconds
Refreshing native plugins compatible for Editor in 13.94 ms, found 4 plugins.
Preloading 0 native plugins for Editor in 0.00 ms.
Unloading 4514 Unused Serialized files (Serialized files now loaded: 0)
Unloading 60 unused Assets / (1.5 MB). Loaded Objects now: 4976.
Memory consumption went from 190.3 MB to 188.8 MB.
Total: 10.777100 ms (FindLiveObjects: 0.930500 ms CreateObjectMapping: 0.966000 ms MarkObjects: 6.805200 ms  DeleteObjects: 2.073000 ms)

AssetImportParameters requested are different than current active one (requested -> active):
  custom:container-demuxer-ogg: 62fdf1f143b41e24485cea50d1cbac27 -> 
  custom:video-codec-MediaFoundation-h265: 746d11721c4dcdbdad8f713fa42b33f4 -> 
  custom:video-decoder-ogg-theora: a1e56fd34408186e4bbccfd4996cb3dc -> 
  custom:framework-win-MediaFoundation: 216162199b28c13a410421893ffa2e32 -> 
  custom:CustomObjectIndexerAttribute: 9a22284fe3817be447336de3de66b15e -> 
  custom:container-demuxer-webm: 4f35f7cbe854078d1ac9338744f61a02 -> 
  custom:container-muxer-webm: aa71ff27fc2769a1b78a27578f13a17b -> 
  custom:video-decoder-webm-vp8: 9c59270c3fd7afecdb556c50c9e8de78 -> 
  custom:SearchIndexIgnoredProperties: e643bd26f0fe6173181afceb89e7c659 -> 
  custom:AudioImporter_EditorPlatform: d09bf68614088b80899f8185d706f6e7 -> 
  custom:video-encoder-webm-vp8: eb34c28f22e8b96e1ab97ce403110664 -> 
  custom:audio-decoder-ogg-vorbis: bf7c407c2cedff20999df2af8eb42d56 -> 
  custom:audio-encoder-webm-vorbis: bf7c407c2cedff20999df2af8eb42d56 -> 
========================================================================
Received Import Request.
  Time since last request: 65968.051782 seconds.
  path: Assets/NatureStarterKit2/Standard Assets
  artifactKey: Guid(9b8ade7eba1f7d343843ab9f870b877f) Importer(815301076,1909f56bfc062723c751e8b465ee728b)
Start importing Assets/NatureStarterKit2/Standard Assets using Guid(9b8ade7eba1f7d343843ab9f870b877f) Importer(815301076,1909f56bfc062723c751e8b465ee728b)  -> (artifact id: 'd43bcb0a097ab373e85030485b1403e6') in 0.003106 seconds
Number of updated asset objects reloaded before import = 0
Number of asset objects unloaded after import = 0
========================================================================
Received Import Request.
  Time since last request: 0.000049 seconds.
  path: Assets/NatureStarterKit2/Standard Assets/Effects
  artifactKey: Guid(115d1f9d9bd29064ab981e57c8fc8cdf) Importer(815301076,1909f56bfc062723c751e8b465ee728b)
Start importing Assets/NatureStarterKit2/Standard Assets/Effects using Guid(115d1f9d9bd29064ab981e57c8fc8cdf) Importer(815301076,1909f56bfc062723c751e8b465ee728b)  -> (artifact id: '9babc915f5f7339a98190319b0ef8fed') in 0.000734 seconds
Number of updated asset objects reloaded before import = 0
Number of asset objects unloaded after import = 0
========================================================================
Received Import Request.
  Time since last request: 0.836767 seconds.
  path: Assets/NatureStarterKit2/Standard Assets/Effects/GlassRefraction
  artifactKey: Guid(3c788335fe2df44ca9bbf95bc580ce4d) Importer(815301076,1909f56bfc062723c751e8b465ee728b)
Start importing Assets/NatureStarterKit2/Standard Assets/Effects/GlassRefraction using Guid(3c788335fe2df44ca9bbf95bc580ce4d) Importer(815301076,1909f56bfc062723c751e8b465ee728b)  -> (artifact id: '4750205db2e109f4fd3158b42df4b17a') in 0.001113 seconds
Number of updated asset objects reloaded before import = 0
Number of asset objects unloaded after import = 0
========================================================================
Received Import Request.
  Time since last request: 1.255679 seconds.
  path: Assets/NatureStarterKit2/Standard Assets/Effects/GlassRefraction/Materials/GlassRefractive.mat
  artifactKey: Guid(848918a99d11f25f110026ca44295342) Importer(815301076,1909f56bfc062723c751e8b465ee728b)
Start importing Assets/NatureStarterKit2/Standard Assets/Effects/GlassRefraction/Materials/GlassRefractive.mat using Guid(848918a99d11f25f110026ca44295342) Importer(815301076,1909f56bfc062723c751e8b465ee728b)  -> (artifact id: '1d12696cef4bc92fc65f485ed176080d') in 0.390952 seconds
Number of updated asset objects reloaded before import = 0
Number of asset objects unloaded after import = 3
========================================================================
Received Import Request.
  Time since last request: 4.715656 seconds.
  path: Assets/NatureStarterKit2/Scene/New Terrain.asset
  artifactKey: Guid(32620d2a18d1d6543869088db9e2d1c5) Importer(815301076,1909f56bfc062723c751e8b465ee728b)
Start importing Assets/NatureStarterKit2/Scene/New Terrain.asset using Guid(32620d2a18d1d6543869088db9e2d1c5) Importer(815301076,1909f56bfc062723c751e8b465ee728b)  -> (artifact id: '4b32826191394f98c132ae5921434217') in 1.007185 seconds
Number of updated asset objects reloaded before import = 0
Number of asset objects unloaded after import = 11
========================================================================
Received Import Request.
  Time since last request: 0.000041 seconds.
  path: Assets/NatureStarterKit2/Scene
  artifactKey: Guid(406b7a5b7a9ba0b41bf47a649b017346) Importer(815301076,1909f56bfc062723c751e8b465ee728b)
Start importing Assets/NatureStarterKit2/Scene using Guid(406b7a5b7a9ba0b41bf47a649b017346) Importer(815301076,1909f56bfc062723c751e8b465ee728b)  -> (artifact id: 'b57d4516256c2148c0c6b7d5eddc0d09') in 0.003299 seconds
Number of updated asset objects reloaded before import = 0
Number of asset objects unloaded after import = 0
========================================================================
Received Import Request.
  Time since last request: 2.570223 seconds.
  path: Assets/NatureStarterKit2/Materials/bark01.mat
  artifactKey: Guid(429dd90a38598a6439cac85af03f10df) Importer(815301076,1909f56bfc062723c751e8b465ee728b)
Start importing Assets/NatureStarterKit2/Materials/bark01.mat using Guid(429dd90a38598a6439cac85af03f10df) Importer(815301076,1909f56bfc062723c751e8b465ee728b)  -> (artifact id: 'be6851049441a6885786c9f35defd1da') in 1.071290 seconds
Number of updated asset objects reloaded before import = 0
Number of asset objects unloaded after import = 2
========================================================================
Received Import Request.
  Time since last request: 0.000060 seconds.
  path: Assets/NatureStarterKit2/Materials/bush01.mat
  artifactKey: Guid(216a7e882dab7d745a4fc6ccb3774f75) Importer(815301076,1909f56bfc062723c751e8b465ee728b)
Start importing Assets/NatureStarterKit2/Materials/bush01.mat using Guid(216a7e882dab7d745a4fc6ccb3774f75) Importer(815301076,1909f56bfc062723c751e8b465ee728b)  -> (artifact id: '11b7b92ec65bb93f99e0a100ee15a953') in 0.900120 seconds
Number of updated asset objects reloaded before import = 0
Number of asset objects unloaded after import = 2
========================================================================
Received Import Request.
  Time since last request: 0.000045 seconds.
  path: Assets/NatureStarterKit2/Materials
  artifactKey: Guid(a65db9a3b1e0d314e8f7ad353924c22e) Importer(815301076,1909f56bfc062723c751e8b465ee728b)
Start importing Assets/NatureStarterKit2/Materials using Guid(a65db9a3b1e0d314e8f7ad353924c22e) Importer(815301076,1909f56bfc062723c751e8b465ee728b)  -> (artifact id: 'ae5411b0823952750bc015f00819f02d') in 0.001992 seconds
Number of updated asset objects reloaded before import = 0
Number of asset objects unloaded after import = 0
========================================================================
Received Import Request.
  Time since last request: 0.000161 seconds.
  path: Assets/NatureStarterKit2/Materials/sky.mat
  artifactKey: Guid(7105c6e31fe1afc4b804e755b0561048) Importer(815301076,1909f56bfc062723c751e8b465ee728b)
Start importing Assets/NatureStarterKit2/Materials/sky.mat using Guid(7105c6e31fe1afc4b804e755b0561048) Importer(815301076,1909f56bfc062723c751e8b465ee728b)  -> (artifact id: 'b6283c6275b2ad4fea5caff4d1f0696f') in 0.225355 seconds
Number of updated asset objects reloaded before import = 0
Number of asset objects unloaded after import = 1
========================================================================
Received Import Request.
  Time since last request: 2.229565 seconds.
  path: Assets/NatureStarterKit2/Animations
  artifactKey: Guid(4ae0bd7c44f817242b18bea6a106f2c5) Importer(815301076,1909f56bfc062723c751e8b465ee728b)
Start importing Assets/NatureStarterKit2/Animations using Guid(4ae0bd7c44f817242b18bea6a106f2c5) Importer(815301076,1909f56bfc062723c751e8b465ee728b)  -> (artifact id: 'e8da8910370453092ef91da7c918afb8') in 0.000883 seconds
Number of updated asset objects reloaded before import = 0
Number of asset objects unloaded after import = 0
========================================================================
Received Import Request.
  Time since last request: 4.206799 seconds.
  path: Assets/NatureStarterKit2/Textures/bark01.tga
  artifactKey: Guid(0b851eea454bcc74ebf763a1e97d7c2f) Importer(815301076,1909f56bfc062723c751e8b465ee728b)
Start importing Assets/NatureStarterKit2/Textures/bark01.tga using Guid(0b851eea454bcc74ebf763a1e97d7c2f) Importer(815301076,1909f56bfc062723c751e8b465ee728b)  -> (artifact id: '4d717200cd274aee9d27a93926aefd10') in 0.146425 seconds
Number of updated asset objects reloaded before import = 0
Number of asset objects unloaded after import = 2
========================================================================
Received Import Request.
  Time since last request: 0.014257 seconds.
  path: Assets/NatureStarterKit2/Textures/ground03.psd
  artifactKey: Guid(8d1a7eedfea109c4f892a29974c0b440) Importer(815301076,1909f56bfc062723c751e8b465ee728b)
Start importing Assets/NatureStarterKit2/Textures/ground03.psd using Guid(8d1a7eedfea109c4f892a29974c0b440) Importer(815301076,1909f56bfc062723c751e8b465ee728b)  -> (artifact id: 'f8334a5e6ee72121d46200ab8326cef4') in 0.209511 seconds
Number of updated asset objects reloaded before import = 0
Number of asset objects unloaded after import = 2
========================================================================
Received Import Request.
  Time since last request: 0.000034 seconds.
  path: Assets/NatureStarterKit2/Textures/sky.psd
  artifactKey: Guid(76978aa5b0f025044af653342c95adac) Importer(815301076,1909f56bfc062723c751e8b465ee728b)
Start importing Assets/NatureStarterKit2/Textures/sky.psd using Guid(76978aa5b0f025044af653342c95adac) Importer(815301076,1909f56bfc062723c751e8b465ee728b)  -> (artifact id: '9fe53884dd44bb23adc1151b6a1df54e') in 0.227339 seconds
Number of updated asset objects reloaded before import = 0
Number of asset objects unloaded after import = 2
========================================================================
Received Import Request.
  Time since last request: 0.000359 seconds.
  path: Assets/NatureStarterKit2/Textures/ground02.tga
  artifactKey: Guid(3e8f839d23c8c7f42b81fc76f0dbeb9f) Importer(815301076,1909f56bfc062723c751e8b465ee728b)
Start importing Assets/NatureStarterKit2/Textures/ground02.tga using Guid(3e8f839d23c8c7f42b81fc76f0dbeb9f) Importer(815301076,1909f56bfc062723c751e8b465ee728b)  -> (artifact id: 'a81e593be3f0454e54563bc4e45cacd3') in 0.173271 seconds
Number of updated asset objects reloaded before import = 0
Number of asset objects unloaded after import = 2
========================================================================
Received Import Request.
  Time since last request: 0.000032 seconds.
  path: Assets/NatureStarterKit2/Textures/branch01.tga
  artifactKey: Guid(9dd29b2fd426d81459d6020818e420ac) Importer(815301076,1909f56bfc062723c751e8b465ee728b)
Start importing Assets/NatureStarterKit2/Textures/branch01.tga using Guid(9dd29b2fd426d81459d6020818e420ac) Importer(815301076,1909f56bfc062723c751e8b465ee728b)  -> (artifact id: 'e2435a60c6d8cfb674b69665be621cbb') in 0.048312 seconds
Number of updated asset objects reloaded before import = 0
Number of asset objects unloaded after import = 2
========================================================================
Received Import Request.
  Time since last request: 0.000036 seconds.
  path: Assets/NatureStarterKit2/Textures/grass02.tga
  artifactKey: Guid(e3f873c56651ccd4a83ab80769dd19f3) Importer(815301076,1909f56bfc062723c751e8b465ee728b)
Start importing Assets/NatureStarterKit2/Textures/grass02.tga using Guid(e3f873c56651ccd4a83ab80769dd19f3) Importer(815301076,1909f56bfc062723c751e8b465ee728b)  -> (artifact id: '3a394edfb5a86f9b9edcbdc2b2eda640') in 0.024048 seconds
Number of updated asset objects reloaded before import = 0
Number of asset objects unloaded after import = 2
========================================================================
Received Import Request.
  Time since last request: 0.000067 seconds.
  path: Assets/NatureStarterKit2/Textures
  artifactKey: Guid(bf05804e364574741af6579b8610f8ce) Importer(815301076,1909f56bfc062723c751e8b465ee728b)
Start importing Assets/NatureStarterKit2/Textures using Guid(bf05804e364574741af6579b8610f8ce) Importer(815301076,1909f56bfc062723c751e8b465ee728b)  -> (artifact id: '9f0259164d5f03088afbb5e84a620c70') in 0.001119 seconds
Number of updated asset objects reloaded before import = 0
Number of asset objects unloaded after import = 0
========================================================================
Received Import Request.
  Time since last request: 0.000038 seconds.
  path: Assets/NatureStarterKit2/Textures/ground01.tga
  artifactKey: Guid(ffbc4ff073065254585f69e966389160) Importer(815301076,1909f56bfc062723c751e8b465ee728b)
Start importing Assets/NatureStarterKit2/Textures/ground01.tga using Guid(ffbc4ff073065254585f69e966389160) Importer(815301076,1909f56bfc062723c751e8b465ee728b)  -> (artifact id: 'f4c34c35a6983828026d39808dc791e8') in 0.155530 seconds
Number of updated asset objects reloaded before import = 0
Number of asset objects unloaded after import = 2
========================================================================
Received Import Request.
  Time since last request: 0.000033 seconds.
  path: Assets/NatureStarterKit2/Textures/bush01.tga
  artifactKey: Guid(cd0dd843ef8672e4896d03c7a66fa5da) Importer(815301076,1909f56bfc062723c751e8b465ee728b)
Start importing Assets/NatureStarterKit2/Textures/bush01.tga using Guid(cd0dd843ef8672e4896d03c7a66fa5da) Importer(815301076,1909f56bfc062723c751e8b465ee728b)  -> (artifact id: 'e74cb1d804dfb1ce0e4245a9656e0235') in 0.049891 seconds
Number of updated asset objects reloaded before import = 0
Number of asset objects unloaded after import = 2
========================================================================
Received Import Request.
  Time since last request: 9.256289 seconds.
  path: Assets/NatureStarterKit2/Nature/bush01.prefab
  artifactKey: Guid(d638ef2ca2fe20c4c9c08e125692d3f4) Importer(815301076,1909f56bfc062723c751e8b465ee728b)
Start importing Assets/NatureStarterKit2/Nature/bush01.prefab using Guid(d638ef2ca2fe20c4c9c08e125692d3f4) Importer(815301076,1909f56bfc062723c751e8b465ee728b)  -> (artifact id: '3dcb77a22f4d13a49b33a6b07f486f8b') in 2.071339 seconds
Number of updated asset objects reloaded before import = 0
Number of asset objects unloaded after import = 19
========================================================================
Received Import Request.
  Time since last request: 0.000060 seconds.
  path: Assets/NatureStarterKit2/Nature/tree04.prefab
  artifactKey: Guid(aae542b8a65f39b49b008fa689ce9804) Importer(815301076,1909f56bfc062723c751e8b465ee728b)
Start importing Assets/NatureStarterKit2/Nature/tree04.prefab using Guid(aae542b8a65f39b49b008fa689ce9804) Importer(815301076,1909f56bfc062723c751e8b465ee728b)  -> (artifact id: 'f3d3e5f46fb86922f7f84e02e3b3ba58') in 0.257648 seconds
Number of updated asset objects reloaded before import = 0
Number of asset objects unloaded after import = 22
========================================================================
Received Import Request.
  Time since last request: 0.000062 seconds.
  path: Assets/NatureStarterKit2/Nature/bush04.prefab
  artifactKey: Guid(d15b44addf30da74f946086ec0aa993c) Importer(815301076,1909f56bfc062723c751e8b465ee728b)
Start importing Assets/NatureStarterKit2/Nature/bush04.prefab using Guid(d15b44addf30da74f946086ec0aa993c) Importer(815301076,1909f56bfc062723c751e8b465ee728b)  -> (artifact id: '3141f827b20fd036fe366da8adb4ac74') in 0.201927 seconds
Number of updated asset objects reloaded before import = 0
Number of asset objects unloaded after import = 19
========================================================================
Received Import Request.
  Time since last request: 5.718081 seconds.
  path: Assets/NatureStarterKit2/Nature/bush02_Textures/diffuse.png
  artifactKey: Guid(4fde83dbcc90ddf4496b7d4b4a533032) Importer(815301076,1909f56bfc062723c751e8b465ee728b)
Start importing Assets/NatureStarterKit2/Nature/bush02_Textures/diffuse.png using Guid(4fde83dbcc90ddf4496b7d4b4a533032) Importer(815301076,1909f56bfc062723c751e8b465ee728b)  -> (artifact id: '6cca131b4c2306335a79d18362c98279') in 0.109831 seconds
Number of updated asset objects reloaded before import = 0
Number of asset objects unloaded after import = 2
========================================================================
Received Import Request.
  Time since last request: 0.000110 seconds.
  path: Assets/NatureStarterKit2/Nature/bush02_Textures/translucency_gloss.png
  artifactKey: Guid(55c6ac3e6f8270d469c6046696f009db) Importer(815301076,1909f56bfc062723c751e8b465ee728b)
Start importing Assets/NatureStarterKit2/Nature/bush02_Textures/translucency_gloss.png using Guid(55c6ac3e6f8270d469c6046696f009db) Importer(815301076,1909f56bfc062723c751e8b465ee728b)  -> (artifact id: 'ef75bb4a96457e6a91b5c9207f9824ad') in 0.037810 seconds
Number of updated asset objects reloaded before import = 0
Number of asset objects unloaded after import = 2
========================================================================
Received Prepare
Begin MonoManager ReloadAssembly
- Loaded All Assemblies, in  1.179 seconds
Refreshing native plugins compatible for Editor in 15.58 ms, found 4 plugins.
Native extension for WindowsStandalone target not found
Native extension for Android target not found
[Package Manager] Server::EnsureServerProcessIsRunning -- launch failed, reason: Unity was launched with the -noUpm command-line argument
[Package Manager] UpmClient::Send -- Unable to send message (not connected to UPM process).
[Package Manager] Cannot connect to Unity Package Manager local server
[Package Manager] Server::EnsureServerProcessIsRunning -- launch failed, reason: Unity was launched with the -noUpm command-line argument
[Package Manager] UpmClient::Send -- Unable to send message (not connected to UPM process).
[Package Manager] Cannot connect to Unity Package Manager local server
Mono: successfully reloaded assembly
[Package Manager] Server::EnsureServerProcessIsRunning -- launch failed, reason: Unity was launched with the -noUpm command-line argument
[Package Manager] UpmClient::Send -- Unable to send message (not connected to UPM process).
[Package Manager] Cannot connect to Unity Package Manager local server
- Finished resetting the current domain, in  4.077 seconds
Domain Reload Profiling: 5252ms
	BeginReloadAssembly (374ms)
		ExecutionOrderSort (0ms)
		DisableScriptedObjects (10ms)
		BackupInstance (0ms)
		ReleaseScriptingObjects (0ms)
		CreateAndSetChildDomain (83ms)
	RebuildCommonClasses (105ms)
	RebuildNativeTypeToScriptingClass (39ms)
	initialDomainReloadingComplete (68ms)
	LoadAllAssembliesAndSetupDomain (588ms)
		LoadAssemblies (741ms)
		RebuildTransferFunctionScriptingTraits (0ms)
		AnalyzeDomain (63ms)
			TypeCache.Refresh (16ms)
				TypeCache.ScanAssembly (0ms)
			ScanForSourceGeneratedMonoScriptInfo (0ms)
			ResolveRequiredComponents (43ms)
	FinalizeReload (4078ms)
		ReleaseScriptCaches (0ms)
		RebuildScriptCaches (0ms)
		SetupLoadedEditorAssemblies (2700ms)
			LogAssemblyErrors (0ms)
			InitializePlatformSupportModulesInManaged (62ms)
			SetLoadedEditorAssemblies (11ms)
			RefreshPlugins (0ms)
			BeforeProcessingInitializeOnLoad (230ms)
			ProcessInitializeOnLoadAttributes (2287ms)
			ProcessInitializeOnLoadMethodAttributes (96ms)
			AfterProcessingInitializeOnLoad (13ms)
			EditorAssembliesLoaded (1ms)
		ExecutionOrderSort2 (0ms)
		AwakeInstancesAfterBackupRestoration (28ms)
Refreshing native plugins compatible for Editor in 19.82 ms, found 4 plugins.
Preloading 0 native plugins for Editor in 0.00 ms.
Unloading 4422 Unused Serialized files (Serialized files now loaded: 0)
Unloading 42 unused Assets / (1.9 MB). Loaded Objects now: 5034.
Memory consumption went from 171.7 MB to 169.8 MB.
Total: 21.815700 ms (FindLiveObjects: 0.737200 ms CreateObjectMapping: 0.834400 ms MarkObjects: 17.608300 ms  DeleteObjects: 2.633000 ms)

Prepare: number of updated asset objects reloaded= 0
AssetImportParameters requested are different than current active one (requested -> active):
  custom:container-demuxer-ogg: 62fdf1f143b41e24485cea50d1cbac27 -> 
  custom:video-codec-MediaFoundation-h265: 746d11721c4dcdbdad8f713fa42b33f4 -> 
  custom:video-decoder-ogg-theora: a1e56fd34408186e4bbccfd4996cb3dc -> 
  custom:framework-win-MediaFoundation: 216162199b28c13a410421893ffa2e32 -> 
  custom:CustomObjectIndexerAttribute: 9a22284fe3817be447336de3de66b15e -> 
  custom:container-demuxer-webm: 4f35f7cbe854078d1ac9338744f61a02 -> 
  custom:container-muxer-webm: aa71ff27fc2769a1b78a27578f13a17b -> 
  custom:video-decoder-webm-vp8: 9c59270c3fd7afecdb556c50c9e8de78 -> 
  custom:SearchIndexIgnoredProperties: e643bd26f0fe6173181afceb89e7c659 -> 
  custom:AudioImporter_EditorPlatform: d09bf68614088b80899f8185d706f6e7 -> 
  custom:video-encoder-webm-vp8: eb34c28f22e8b96e1ab97ce403110664 -> 
  custom:audio-decoder-ogg-vorbis: bf7c407c2cedff20999df2af8eb42d56 -> 
  custom:audio-encoder-webm-vorbis: bf7c407c2cedff20999df2af8eb42d56 -> 
========================================================================
Received Prepare
Begin MonoManager ReloadAssembly
- Loaded All Assemblies, in  1.180 seconds
Refreshing native plugins compatible for Editor in 15.53 ms, found 4 plugins.
Native extension for WindowsStandalone target not found
Native extension for Android target not found
[Package Manager] Server::EnsureServerProcessIsRunning -- launch failed, reason: Unity was launched with the -noUpm command-line argument
[Package Manager] UpmClient::Send -- Unable to send message (not connected to UPM process).
[Package Manager] Cannot connect to Unity Package Manager local server
[Package Manager] Server::EnsureServerProcessIsRunning -- launch failed, reason: Unity was launched with the -noUpm command-line argument
[Package Manager] UpmClient::Send -- Unable to send message (not connected to UPM process).
[Package Manager] Cannot connect to Unity Package Manager local server
Mono: successfully reloaded assembly
[Package Manager] Server::EnsureServerProcessIsRunning -- launch failed, reason: Unity was launched with the -noUpm command-line argument
[Package Manager] UpmClient::Send -- Unable to send message (not connected to UPM process).
[Package Manager] Cannot connect to Unity Package Manager local server
- Finished resetting the current domain, in  4.577 seconds
Domain Reload Profiling: 5754ms
	BeginReloadAssembly (368ms)
		ExecutionOrderSort (0ms)
		DisableScriptedObjects (16ms)
		BackupInstance (0ms)
		ReleaseScriptingObjects (0ms)
		CreateAndSetChildDomain (91ms)
	RebuildCommonClasses (89ms)
	RebuildNativeTypeToScriptingClass (43ms)
	initialDomainReloadingComplete (83ms)
	LoadAllAssembliesAndSetupDomain (591ms)
		LoadAssemblies (738ms)
		RebuildTransferFunctionScriptingTraits (0ms)
		AnalyzeDomain (45ms)
			TypeCache.Refresh (17ms)
				TypeCache.ScanAssembly (0ms)
			ScanForSourceGeneratedMonoScriptInfo (0ms)
			ResolveRequiredComponents (25ms)
	FinalizeReload (4579ms)
		ReleaseScriptCaches (0ms)
		RebuildScriptCaches (0ms)
		SetupLoadedEditorAssemblies (3039ms)
			LogAssemblyErrors (0ms)
			InitializePlatformSupportModulesInManaged (66ms)
			SetLoadedEditorAssemblies (12ms)
			RefreshPlugins (0ms)
			BeforeProcessingInitializeOnLoad (188ms)
			ProcessInitializeOnLoadAttributes (2421ms)
			ProcessInitializeOnLoadMethodAttributes (309ms)
			AfterProcessingInitializeOnLoad (42ms)
			EditorAssembliesLoaded (1ms)
		ExecutionOrderSort2 (0ms)
		AwakeInstancesAfterBackupRestoration (68ms)
Refreshing native plugins compatible for Editor in 17.98 ms, found 4 plugins.
Preloading 0 native plugins for Editor in 0.00 ms.
Unloading 4423 Unused Serialized files (Serialized files now loaded: 0)
Unloading 40 unused Assets / (1.5 MB). Loaded Objects now: 5038.
Memory consumption went from 171.5 MB to 170.0 MB.
Total: 13.746800 ms (FindLiveObjects: 0.713700 ms CreateObjectMapping: 0.875000 ms MarkObjects: 9.743200 ms  DeleteObjects: 2.412600 ms)

Prepare: number of updated asset objects reloaded= 0
AssetImportParameters requested are different than current active one (requested -> active):
  custom:container-demuxer-ogg: 62fdf1f143b41e24485cea50d1cbac27 -> 
  custom:video-codec-MediaFoundation-h265: 746d11721c4dcdbdad8f713fa42b33f4 -> 
  custom:video-decoder-ogg-theora: a1e56fd34408186e4bbccfd4996cb3dc -> 
  custom:framework-win-MediaFoundation: 216162199b28c13a410421893ffa2e32 -> 
  custom:CustomObjectIndexerAttribute: 9a22284fe3817be447336de3de66b15e -> 
  custom:container-demuxer-webm: 4f35f7cbe854078d1ac9338744f61a02 -> 
  custom:container-muxer-webm: aa71ff27fc2769a1b78a27578f13a17b -> 
  custom:video-decoder-webm-vp8: 9c59270c3fd7afecdb556c50c9e8de78 -> 
  custom:SearchIndexIgnoredProperties: e643bd26f0fe6173181afceb89e7c659 -> 
  custom:AudioImporter_EditorPlatform: d09bf68614088b80899f8185d706f6e7 -> 
  custom:video-encoder-webm-vp8: eb34c28f22e8b96e1ab97ce403110664 -> 
  custom:audio-decoder-ogg-vorbis: bf7c407c2cedff20999df2af8eb42d56 -> 
  custom:audio-encoder-webm-vorbis: bf7c407c2cedff20999df2af8eb42d56 -> 
========================================================================
Received Import Request.
  Time since last request: 268.643909 seconds.
  path: Assets/FerociousIndustries/PBRDinosaurs/PBRVelociraptor/Prefabs/Mobile/5K/Raptor_Animated_FBX_5K_SandFemale.prefab
  artifactKey: Guid(48a08f2754b114842976248eb19cc380) Importer(815301076,1909f56bfc062723c751e8b465ee728b)
Start importing Assets/FerociousIndustries/PBRDinosaurs/PBRVelociraptor/Prefabs/Mobile/5K/Raptor_Animated_FBX_5K_SandFemale.prefab using Guid(48a08f2754b114842976248eb19cc380) Importer(815301076,1909f56bfc062723c751e8b465ee728b)  -> (artifact id: '96666dcc4e89e1ba5a07e0dfe3310edd') in 0.945664 seconds
Number of updated asset objects reloaded before import = 0
Number of asset objects unloaded after import = 292
========================================================================
Received Prepare
Refreshing native plugins compatible for Editor in 39.75 ms, found 4 plugins.
Preloading 0 native plugins for Editor in 0.00 ms.
Unloading 10 Unused Serialized files (Serialized files now loaded: 0)
Unloading 9 unused Assets / (1.5 MB). Loaded Objects now: 5042.
Memory consumption went from 104.5 MB to 103.0 MB.
Total: 18.914000 ms (FindLiveObjects: 1.350600 ms CreateObjectMapping: 1.106300 ms MarkObjects: 13.888700 ms  DeleteObjects: 2.564900 ms)

Prepare: number of updated asset objects reloaded= 0
AssetImportParameters requested are different than current active one (requested -> active):
  custom:container-demuxer-ogg: 62fdf1f143b41e24485cea50d1cbac27 -> 
  custom:video-codec-MediaFoundation-h265: 746d11721c4dcdbdad8f713fa42b33f4 -> 
  custom:video-decoder-ogg-theora: a1e56fd34408186e4bbccfd4996cb3dc -> 
  custom:framework-win-MediaFoundation: 216162199b28c13a410421893ffa2e32 -> 
  custom:CustomObjectIndexerAttribute: 9a22284fe3817be447336de3de66b15e -> 
  custom:container-demuxer-webm: 4f35f7cbe854078d1ac9338744f61a02 -> 
  custom:container-muxer-webm: aa71ff27fc2769a1b78a27578f13a17b -> 
  custom:video-decoder-webm-vp8: 9c59270c3fd7afecdb556c50c9e8de78 -> 
  custom:SearchIndexIgnoredProperties: e643bd26f0fe6173181afceb89e7c659 -> 
  custom:AudioImporter_EditorPlatform: d09bf68614088b80899f8185d706f6e7 -> 
  custom:video-encoder-webm-vp8: eb34c28f22e8b96e1ab97ce403110664 -> 
  custom:audio-decoder-ogg-vorbis: bf7c407c2cedff20999df2af8eb42d56 -> 
  custom:audio-encoder-webm-vorbis: bf7c407c2cedff20999df2af8eb42d56 -> 
========================================================================
Received Import Request.
  Time since last request: 1084.135652 seconds.
  path: Assets/ReferenceImageLibrary.asset
  artifactKey: Guid(b7ede67709abf0d4e9028c73a2a3f8b6) Importer(815301076,1909f56bfc062723c751e8b465ee728b)
Start importing Assets/ReferenceImageLibrary.asset using Guid(b7ede67709abf0d4e9028c73a2a3f8b6) Importer(815301076,1909f56bfc062723c751e8b465ee728b)  -> (artifact id: '88225dbe83e72ef22ad1de2b560c19f1') in 0.158866 seconds
Number of updated asset objects reloaded before import = 0
Number of asset objects unloaded after import = 1
========================================================================
Received Import Request.
  Time since last request: 44.812107 seconds.
  path: Assets/NatureStarterKit2/Nature/tree03.prefab
  artifactKey: Guid(4e2dd32c733005a44b50004d673dc653) Importer(815301076,1909f56bfc062723c751e8b465ee728b)
Start importing Assets/NatureStarterKit2/Nature/tree03.prefab using Guid(4e2dd32c733005a44b50004d673dc653) Importer(815301076,1909f56bfc062723c751e8b465ee728b)  -> (artifact id: '4391332b47251659199b520599d4a778') in 0.242123 seconds
Number of updated asset objects reloaded before import = 0
Number of asset objects unloaded after import = 20
========================================================================
Received Import Request.
  Time since last request: 5.888355 seconds.
  path: Assets/NatureStarterKit2/Nature/tree03.prefab
  artifactKey: Guid(4e2dd32c733005a44b50004d673dc653) Importer(815301076,1909f56bfc062723c751e8b465ee728b)
Start importing Assets/NatureStarterKit2/Nature/tree03.prefab using Guid(4e2dd32c733005a44b50004d673dc653) Importer(815301076,1909f56bfc062723c751e8b465ee728b)  -> (artifact id: '1f06cf920ec601be56306b99a0c2863d') in 0.162282 seconds
Number of updated asset objects reloaded before import = 0
Number of asset objects unloaded after import = 20
========================================================================
Received Import Request.
  Time since last request: 5.836993 seconds.
  path: Assets/NatureStarterKit2/Nature/tree03.prefab
  artifactKey: Guid(4e2dd32c733005a44b50004d673dc653) Importer(815301076,1909f56bfc062723c751e8b465ee728b)
Start importing Assets/NatureStarterKit2/Nature/tree03.prefab using Guid(4e2dd32c733005a44b50004d673dc653) Importer(815301076,1909f56bfc062723c751e8b465ee728b)  -> (artifact id: '7497824c8239523ff012a54d154c1f03') in 0.179400 seconds
Number of updated asset objects reloaded before import = 0
Number of asset objects unloaded after import = 20
========================================================================
Received Import Request.
  Time since last request: 10.174174 seconds.
  path: Assets/NatureStarterKit2/Nature/tree03.prefab
  artifactKey: Guid(4e2dd32c733005a44b50004d673dc653) Importer(815301076,1909f56bfc062723c751e8b465ee728b)
Start importing Assets/NatureStarterKit2/Nature/tree03.prefab using Guid(4e2dd32c733005a44b50004d673dc653) Importer(815301076,1909f56bfc062723c751e8b465ee728b)  -> (artifact id: 'd113f1f5dc732b231cd466450fac0e54') in 0.162783 seconds
Number of updated asset objects reloaded before import = 0
Number of asset objects unloaded after import = 20
========================================================================
Received Import Request.
  Time since last request: 1.834310 seconds.
  path: Assets/NatureStarterKit2/Nature/tree03.prefab
  artifactKey: Guid(4e2dd32c733005a44b50004d673dc653) Importer(815301076,1909f56bfc062723c751e8b465ee728b)
Start importing Assets/NatureStarterKit2/Nature/tree03.prefab using Guid(4e2dd32c733005a44b50004d673dc653) Importer(815301076,1909f56bfc062723c751e8b465ee728b)  -> (artifact id: '4e8f881cc955d49d2902812e6a2d6ff9') in 0.188552 seconds
Number of updated asset objects reloaded before import = 0
Number of asset objects unloaded after import = 20
========================================================================
Received Import Request.
  Time since last request: 2.882859 seconds.
  path: Assets/NatureStarterKit2/Nature/tree03.prefab
  artifactKey: Guid(4e2dd32c733005a44b50004d673dc653) Importer(815301076,1909f56bfc062723c751e8b465ee728b)
Start importing Assets/NatureStarterKit2/Nature/tree03.prefab using Guid(4e2dd32c733005a44b50004d673dc653) Importer(815301076,1909f56bfc062723c751e8b465ee728b)  -> (artifact id: 'e364a869e3ffb5cba329fe90fb46e729') in 0.178094 seconds
Number of updated asset objects reloaded before import = 0
Number of asset objects unloaded after import = 20
========================================================================
Received Prepare
Refreshing native plugins compatible for Editor in 9.24 ms, found 4 plugins.
Preloading 0 native plugins for Editor in 0.00 ms.
Unloading 8 Unused Serialized files (Serialized files now loaded: 0)
Unloading 9 unused Assets / (1.5 MB). Loaded Objects now: 5042.
Memory consumption went from 104.2 MB to 102.8 MB.
Total: 12.038000 ms (FindLiveObjects: 0.617400 ms CreateObjectMapping: 0.517700 ms MarkObjects: 9.535100 ms  DeleteObjects: 1.365200 ms)

Prepare: number of updated asset objects reloaded= 0
AssetImportParameters requested are different than current active one (requested -> active):
  custom:container-demuxer-ogg: 62fdf1f143b41e24485cea50d1cbac27 -> 
  custom:video-codec-MediaFoundation-h265: 746d11721c4dcdbdad8f713fa42b33f4 -> 
  custom:video-decoder-ogg-theora: a1e56fd34408186e4bbccfd4996cb3dc -> 
  custom:framework-win-MediaFoundation: 216162199b28c13a410421893ffa2e32 -> 
  custom:CustomObjectIndexerAttribute: 9a22284fe3817be447336de3de66b15e -> 
  custom:container-demuxer-webm: 4f35f7cbe854078d1ac9338744f61a02 -> 
  custom:container-muxer-webm: aa71ff27fc2769a1b78a27578f13a17b -> 
  custom:video-decoder-webm-vp8: 9c59270c3fd7afecdb556c50c9e8de78 -> 
  custom:SearchIndexIgnoredProperties: e643bd26f0fe6173181afceb89e7c659 -> 
  custom:AudioImporter_EditorPlatform: d09bf68614088b80899f8185d706f6e7 -> 
  custom:video-encoder-webm-vp8: eb34c28f22e8b96e1ab97ce403110664 -> 
  custom:audio-decoder-ogg-vorbis: bf7c407c2cedff20999df2af8eb42d56 -> 
  custom:audio-encoder-webm-vorbis: bf7c407c2cedff20999df2af8eb42d56 -> 
========================================================================
Received Prepare
Begin MonoManager ReloadAssembly
- Loaded All Assemblies, in  1.717 seconds
Refreshing native plugins compatible for Editor in 6.72 ms, found 4 plugins.
Native extension for WindowsStandalone target not found
Native extension for Android target not found
[Package Manager] Server::EnsureServerProcessIsRunning -- launch failed, reason: Unity was launched with the -noUpm command-line argument
[Package Manager] UpmClient::Send -- Unable to send message (not connected to UPM process).
[Package Manager] Cannot connect to Unity Package Manager local server
[Package Manager] Server::EnsureServerProcessIsRunning -- launch failed, reason: Unity was launched with the -noUpm command-line argument
[Package Manager] UpmClient::Send -- Unable to send message (not connected to UPM process).
[Package Manager] Cannot connect to Unity Package Manager local server
Mono: successfully reloaded assembly
[Package Manager] Server::EnsureServerProcessIsRunning -- launch failed, reason: Unity was launched with the -noUpm command-line argument
[Package Manager] UpmClient::Send -- Unable to send message (not connected to UPM process).
[Package Manager] Cannot connect to Unity Package Manager local server
- Finished resetting the current domain, in  4.640 seconds
Domain Reload Profiling: 6359ms
	BeginReloadAssembly (768ms)
		ExecutionOrderSort (0ms)
		DisableScriptedObjects (15ms)
		BackupInstance (0ms)
		ReleaseScriptingObjects (0ms)
		CreateAndSetChildDomain (342ms)
	RebuildCommonClasses (130ms)
	RebuildNativeTypeToScriptingClass (22ms)
	initialDomainReloadingComplete (58ms)
	LoadAllAssembliesAndSetupDomain (739ms)
		LoadAssemblies (979ms)
		RebuildTransferFunctionScriptingTraits (0ms)
		AnalyzeDomain (42ms)
			TypeCache.Refresh (17ms)
				TypeCache.ScanAssembly (0ms)
			ScanForSourceGeneratedMonoScriptInfo (0ms)
			ResolveRequiredComponents (23ms)
	FinalizeReload (4641ms)
		ReleaseScriptCaches (0ms)
		RebuildScriptCaches (0ms)
		SetupLoadedEditorAssemblies (2422ms)
			LogAssemblyErrors (0ms)
			InitializePlatformSupportModulesInManaged (180ms)
			SetLoadedEditorAssemblies (14ms)
			RefreshPlugins (0ms)
			BeforeProcessingInitializeOnLoad (309ms)
			ProcessInitializeOnLoadAttributes (1709ms)
			ProcessInitializeOnLoadMethodAttributes (188ms)
			AfterProcessingInitializeOnLoad (21ms)
			EditorAssembliesLoaded (1ms)
		ExecutionOrderSort2 (0ms)
		AwakeInstancesAfterBackupRestoration (43ms)
Refreshing native plugins compatible for Editor in 14.45 ms, found 4 plugins.
Preloading 0 native plugins for Editor in 0.00 ms.
Unloading 4421 Unused Serialized files (Serialized files now loaded: 0)
Unloading 38 unused Assets / (1.5 MB). Loaded Objects now: 5045.
Memory consumption went from 172.9 MB to 171.4 MB.
Total: 18.438500 ms (FindLiveObjects: 1.197400 ms CreateObjectMapping: 2.629100 ms MarkObjects: 12.305500 ms  DeleteObjects: 2.302400 ms)

Prepare: number of updated asset objects reloaded= 0
AssetImportParameters requested are different than current active one (requested -> active):
  custom:container-demuxer-ogg: 62fdf1f143b41e24485cea50d1cbac27 -> 
  custom:video-codec-MediaFoundation-h265: 746d11721c4dcdbdad8f713fa42b33f4 -> 
  custom:video-decoder-ogg-theora: a1e56fd34408186e4bbccfd4996cb3dc -> 
  custom:framework-win-MediaFoundation: 216162199b28c13a410421893ffa2e32 -> 
  custom:CustomObjectIndexerAttribute: 9a22284fe3817be447336de3de66b15e -> 
  custom:container-demuxer-webm: 4f35f7cbe854078d1ac9338744f61a02 -> 
  custom:container-muxer-webm: aa71ff27fc2769a1b78a27578f13a17b -> 
  custom:video-decoder-webm-vp8: 9c59270c3fd7afecdb556c50c9e8de78 -> 
  custom:SearchIndexIgnoredProperties: e643bd26f0fe6173181afceb89e7c659 -> 
  custom:AudioImporter_EditorPlatform: d09bf68614088b80899f8185d706f6e7 -> 
  custom:video-encoder-webm-vp8: eb34c28f22e8b96e1ab97ce403110664 -> 
  custom:audio-decoder-ogg-vorbis: bf7c407c2cedff20999df2af8eb42d56 -> 
  custom:audio-encoder-webm-vorbis: bf7c407c2cedff20999df2af8eb42d56 -> 
========================================================================
Received Prepare
Begin MonoManager ReloadAssembly
- Loaded All Assemblies, in  0.967 seconds
Refreshing native plugins compatible for Editor in 15.87 ms, found 4 plugins.
Native extension for WindowsStandalone target not found
Native extension for Android target not found
[Package Manager] Server::EnsureServerProcessIsRunning -- launch failed, reason: Unity was launched with the -noUpm command-line argument
[Package Manager] UpmClient::Send -- Unable to send message (not connected to UPM process).
[Package Manager] Cannot connect to Unity Package Manager local server
[Package Manager] Server::EnsureServerProcessIsRunning -- launch failed, reason: Unity was launched with the -noUpm command-line argument
[Package Manager] UpmClient::Send -- Unable to send message (not connected to UPM process).
[Package Manager] Cannot connect to Unity Package Manager local server
Mono: successfully reloaded assembly
[Package Manager] Server::EnsureServerProcessIsRunning -- launch failed, reason: Unity was launched with the -noUpm command-line argument
[Package Manager] UpmClient::Send -- Unable to send message (not connected to UPM process).
[Package Manager] Cannot connect to Unity Package Manager local server
- Finished resetting the current domain, in  3.873 seconds
Domain Reload Profiling: 4835ms
	BeginReloadAssembly (284ms)
		ExecutionOrderSort (0ms)
		DisableScriptedObjects (9ms)
		BackupInstance (0ms)
		ReleaseScriptingObjects (0ms)
		CreateAndSetChildDomain (70ms)
	RebuildCommonClasses (70ms)
	RebuildNativeTypeToScriptingClass (32ms)
	initialDomainReloadingComplete (53ms)
	LoadAllAssembliesAndSetupDomain (522ms)
		LoadAssemblies (628ms)
		RebuildTransferFunctionScriptingTraits (0ms)
		AnalyzeDomain (48ms)
			TypeCache.Refresh (15ms)
				TypeCache.ScanAssembly (0ms)
			ScanForSourceGeneratedMonoScriptInfo (1ms)
			ResolveRequiredComponents (29ms)
	FinalizeReload (3874ms)
		ReleaseScriptCaches (0ms)
		RebuildScriptCaches (0ms)
		SetupLoadedEditorAssemblies (2736ms)
			LogAssemblyErrors (0ms)
			InitializePlatformSupportModulesInManaged (54ms)
			SetLoadedEditorAssemblies (6ms)
			RefreshPlugins (0ms)
			BeforeProcessingInitializeOnLoad (185ms)
			ProcessInitializeOnLoadAttributes (2240ms)
			ProcessInitializeOnLoadMethodAttributes (231ms)
			AfterProcessingInitializeOnLoad (20ms)
			EditorAssembliesLoaded (1ms)
		ExecutionOrderSort2 (0ms)
		AwakeInstancesAfterBackupRestoration (19ms)
Refreshing native plugins compatible for Editor in 17.93 ms, found 4 plugins.
Preloading 0 native plugins for Editor in 0.00 ms.
Unloading 4421 Unused Serialized files (Serialized files now loaded: 0)
Unloading 38 unused Assets / (1.5 MB). Loaded Objects now: 5049.
Memory consumption went from 173.0 MB to 171.5 MB.
Total: 12.365400 ms (FindLiveObjects: 0.729600 ms CreateObjectMapping: 0.841300 ms MarkObjects: 9.536500 ms  DeleteObjects: 1.256200 ms)

Prepare: number of updated asset objects reloaded= 0
AssetImportParameters requested are different than current active one (requested -> active):
  custom:container-demuxer-ogg: 62fdf1f143b41e24485cea50d1cbac27 -> 
  custom:video-codec-MediaFoundation-h265: 746d11721c4dcdbdad8f713fa42b33f4 -> 
  custom:video-decoder-ogg-theora: a1e56fd34408186e4bbccfd4996cb3dc -> 
  custom:framework-win-MediaFoundation: 216162199b28c13a410421893ffa2e32 -> 
  custom:CustomObjectIndexerAttribute: 9a22284fe3817be447336de3de66b15e -> 
  custom:container-demuxer-webm: 4f35f7cbe854078d1ac9338744f61a02 -> 
  custom:container-muxer-webm: aa71ff27fc2769a1b78a27578f13a17b -> 
  custom:video-decoder-webm-vp8: 9c59270c3fd7afecdb556c50c9e8de78 -> 
  custom:SearchIndexIgnoredProperties: e643bd26f0fe6173181afceb89e7c659 -> 
  custom:AudioImporter_EditorPlatform: d09bf68614088b80899f8185d706f6e7 -> 
  custom:video-encoder-webm-vp8: eb34c28f22e8b96e1ab97ce403110664 -> 
  custom:audio-decoder-ogg-vorbis: bf7c407c2cedff20999df2af8eb42d56 -> 
  custom:audio-encoder-webm-vorbis: bf7c407c2cedff20999df2af8eb42d56 -> 
========================================================================
Received Import Request.
  Time since last request: 4886.957571 seconds.
  path: Assets/NatureStarterKit2/Nature/bush03.prefab
  artifactKey: Guid(9c74caa742791864f9c678287121e6c9) Importer(815301076,1909f56bfc062723c751e8b465ee728b)
Start importing Assets/NatureStarterKit2/Nature/bush03.prefab using Guid(9c74caa742791864f9c678287121e6c9) Importer(815301076,1909f56bfc062723c751e8b465ee728b)  -> (artifact id: '118306c45c72921c8bac0878eac69da9') in 0.340840 seconds
Number of updated asset objects reloaded before import = 0
Number of asset objects unloaded after import = 19
========================================================================
Received Import Request.
  Time since last request: 4.297273 seconds.
  path: Assets/NatureStarterKit2/Nature/bush03.prefab
  artifactKey: Guid(9c74caa742791864f9c678287121e6c9) Importer(815301076,1909f56bfc062723c751e8b465ee728b)
Start importing Assets/NatureStarterKit2/Nature/bush03.prefab using Guid(9c74caa742791864f9c678287121e6c9) Importer(815301076,1909f56bfc062723c751e8b465ee728b)  -> (artifact id: '55671288fc6d3f0ef1a0ae851d65e0aa') in 0.160135 seconds
Number of updated asset objects reloaded before import = 0
Number of asset objects unloaded after import = 19
========================================================================
Received Import Request.
  Time since last request: 4.763258 seconds.
  path: Assets/NatureStarterKit2/Nature/bush03.prefab
  artifactKey: Guid(9c74caa742791864f9c678287121e6c9) Importer(815301076,1909f56bfc062723c751e8b465ee728b)
Start importing Assets/NatureStarterKit2/Nature/bush03.prefab using Guid(9c74caa742791864f9c678287121e6c9) Importer(815301076,1909f56bfc062723c751e8b465ee728b)  -> (artifact id: 'd10871b8de450338d6b703dc0cf1f3b6') in 0.123337 seconds
Number of updated asset objects reloaded before import = 0
Number of asset objects unloaded after import = 19
========================================================================
Received Import Request.
  Time since last request: 3.948080 seconds.
  path: Assets/NatureStarterKit2/Nature/bush03.prefab
  artifactKey: Guid(9c74caa742791864f9c678287121e6c9) Importer(815301076,1909f56bfc062723c751e8b465ee728b)
Start importing Assets/NatureStarterKit2/Nature/bush03.prefab using Guid(9c74caa742791864f9c678287121e6c9) Importer(815301076,1909f56bfc062723c751e8b465ee728b)  -> (artifact id: '0094ca1976ed4609a42ea44cf5611b7c') in 0.127342 seconds
Number of updated asset objects reloaded before import = 0
Number of asset objects unloaded after import = 19
========================================================================
Received Import Request.
  Time since last request: 1.104783 seconds.
  path: Assets/NatureStarterKit2/Nature/bush03.prefab
  artifactKey: Guid(9c74caa742791864f9c678287121e6c9) Importer(815301076,1909f56bfc062723c751e8b465ee728b)
Start importing Assets/NatureStarterKit2/Nature/bush03.prefab using Guid(9c74caa742791864f9c678287121e6c9) Importer(815301076,1909f56bfc062723c751e8b465ee728b)  -> (artifact id: '58e62c933e7db3a0d1131fc710146a75') in 0.127437 seconds
Number of updated asset objects reloaded before import = 0
Number of asset objects unloaded after import = 19
========================================================================
Received Import Request.
  Time since last request: 2.738865 seconds.
  path: Assets/NatureStarterKit2/Nature/bush03.prefab
  artifactKey: Guid(9c74caa742791864f9c678287121e6c9) Importer(815301076,1909f56bfc062723c751e8b465ee728b)
Start importing Assets/NatureStarterKit2/Nature/bush03.prefab using Guid(9c74caa742791864f9c678287121e6c9) Importer(815301076,1909f56bfc062723c751e8b465ee728b)  -> (artifact id: '7ab6fdc58a3d2a123ec0a68728c0e2c8') in 0.127993 seconds
Number of updated asset objects reloaded before import = 0
Number of asset objects unloaded after import = 19
========================================================================
Received Import Request.
  Time since last request: 551.454334 seconds.
  path: Assets/NatureStarterKit2/Nature/tree02.prefab
  artifactKey: Guid(c63ea781a273235439e583799176c846) Importer(815301076,1909f56bfc062723c751e8b465ee728b)
Start importing Assets/NatureStarterKit2/Nature/tree02.prefab using Guid(c63ea781a273235439e583799176c846) Importer(815301076,1909f56bfc062723c751e8b465ee728b)  -> (artifact id: 'ca65604aa5ab3ad85a4ae0727ea51352') in 0.191271 seconds
Number of updated asset objects reloaded before import = 0
Number of asset objects unloaded after import = 20
========================================================================
Received Import Request.
  Time since last request: 70.729841 seconds.
  path: Assets/NatureStarterKit2/Nature/tree02.prefab
  artifactKey: Guid(c63ea781a273235439e583799176c846) Importer(815301076,1909f56bfc062723c751e8b465ee728b)
Start importing Assets/NatureStarterKit2/Nature/tree02.prefab using Guid(c63ea781a273235439e583799176c846) Importer(815301076,1909f56bfc062723c751e8b465ee728b)  -> (artifact id: 'f7006a332722b0333410cd1862588850') in 0.186564 seconds
Number of updated asset objects reloaded before import = 0
Number of asset objects unloaded after import = 20
========================================================================
Received Import Request.
  Time since last request: 5.169018 seconds.
  path: Assets/NatureStarterKit2/Nature/tree02.prefab
  artifactKey: Guid(c63ea781a273235439e583799176c846) Importer(815301076,1909f56bfc062723c751e8b465ee728b)
Start importing Assets/NatureStarterKit2/Nature/tree02.prefab using Guid(c63ea781a273235439e583799176c846) Importer(815301076,1909f56bfc062723c751e8b465ee728b)  -> (artifact id: '668628049c662162a5a3fd57a6a7df62') in 0.165658 seconds
Number of updated asset objects reloaded before import = 0
Number of asset objects unloaded after import = 20
========================================================================
Received Import Request.
  Time since last request: 3.992832 seconds.
  path: Assets/NatureStarterKit2/Nature/tree02.prefab
  artifactKey: Guid(c63ea781a273235439e583799176c846) Importer(815301076,1909f56bfc062723c751e8b465ee728b)
Start importing Assets/NatureStarterKit2/Nature/tree02.prefab using Guid(c63ea781a273235439e583799176c846) Importer(815301076,1909f56bfc062723c751e8b465ee728b)  -> (artifact id: '980bc44e26474c39fa7bfb4b6afe2999') in 0.166919 seconds
Number of updated asset objects reloaded before import = 0
Number of asset objects unloaded after import = 20
========================================================================
Received Import Request.
  Time since last request: 14.100343 seconds.
  path: Assets/NatureStarterKit2/Nature/tree02.prefab
  artifactKey: Guid(c63ea781a273235439e583799176c846) Importer(815301076,1909f56bfc062723c751e8b465ee728b)
Start importing Assets/NatureStarterKit2/Nature/tree02.prefab using Guid(c63ea781a273235439e583799176c846) Importer(815301076,1909f56bfc062723c751e8b465ee728b)  -> (artifact id: 'bf453b24b4a8679819e634f73bcef2f4') in 0.341396 seconds
Number of updated asset objects reloaded before import = 0
Number of asset objects unloaded after import = 20
========================================================================
Received Import Request.
  Time since last request: 1.756105 seconds.
  path: Assets/NatureStarterKit2/Nature/tree02.prefab
  artifactKey: Guid(c63ea781a273235439e583799176c846) Importer(815301076,1909f56bfc062723c751e8b465ee728b)
Start importing Assets/NatureStarterKit2/Nature/tree02.prefab using Guid(c63ea781a273235439e583799176c846) Importer(815301076,1909f56bfc062723c751e8b465ee728b)  -> (artifact id: '04831dd95e63d57121981cde5e7698bc') in 0.289086 seconds
Number of updated asset objects reloaded before import = 0
Number of asset objects unloaded after import = 20
========================================================================
Received Import Request.
  Time since last request: 3.927696 seconds.
  path: Assets/NatureStarterKit2/Nature/tree02.prefab
  artifactKey: Guid(c63ea781a273235439e583799176c846) Importer(815301076,1909f56bfc062723c751e8b465ee728b)
Start importing Assets/NatureStarterKit2/Nature/tree02.prefab using Guid(c63ea781a273235439e583799176c846) Importer(815301076,1909f56bfc062723c751e8b465ee728b)  -> (artifact id: '631315f98c3f551066fe461c78fc672d') in 0.199879 seconds
Number of updated asset objects reloaded before import = 0
Number of asset objects unloaded after import = 20
========================================================================
Received Prepare
Refreshing native plugins compatible for Editor in 12.41 ms, found 4 plugins.
Preloading 0 native plugins for Editor in 0.00 ms.
Unloading 8 Unused Serialized files (Serialized files now loaded: 0)
Unloading 9 unused Assets / (1.6 MB). Loaded Objects now: 5050.
Memory consumption went from 104.4 MB to 102.8 MB.
Total: 15.125300 ms (FindLiveObjects: 0.592200 ms CreateObjectMapping: 0.596900 ms MarkObjects: 12.573700 ms  DeleteObjects: 1.359900 ms)

Prepare: number of updated asset objects reloaded= 0
AssetImportParameters requested are different than current active one (requested -> active):
  custom:container-demuxer-ogg: 62fdf1f143b41e24485cea50d1cbac27 -> 
  custom:video-codec-MediaFoundation-h265: 746d11721c4dcdbdad8f713fa42b33f4 -> 
  custom:video-decoder-ogg-theora: a1e56fd34408186e4bbccfd4996cb3dc -> 
  custom:framework-win-MediaFoundation: 216162199b28c13a410421893ffa2e32 -> 
  custom:CustomObjectIndexerAttribute: 9a22284fe3817be447336de3de66b15e -> 
  custom:container-demuxer-webm: 4f35f7cbe854078d1ac9338744f61a02 -> 
  custom:container-muxer-webm: aa71ff27fc2769a1b78a27578f13a17b -> 
  custom:video-decoder-webm-vp8: 9c59270c3fd7afecdb556c50c9e8de78 -> 
  custom:SearchIndexIgnoredProperties: e643bd26f0fe6173181afceb89e7c659 -> 
  custom:AudioImporter_EditorPlatform: d09bf68614088b80899f8185d706f6e7 -> 
  custom:video-encoder-webm-vp8: eb34c28f22e8b96e1ab97ce403110664 -> 
  custom:audio-decoder-ogg-vorbis: bf7c407c2cedff20999df2af8eb42d56 -> 
  custom:audio-encoder-webm-vorbis: bf7c407c2cedff20999df2af8eb42d56 -> 
========================================================================
Received Prepare
Begin MonoManager ReloadAssembly
- Loaded All Assemblies, in  1.370 seconds
Refreshing native plugins compatible for Editor in 14.19 ms, found 4 plugins.
Native extension for WindowsStandalone target not found
Native extension for Android target not found
[Package Manager] Server::EnsureServerProcessIsRunning -- launch failed, reason: Unity was launched with the -noUpm command-line argument
[Package Manager] UpmClient::Send -- Unable to send message (not connected to UPM process).
[Package Manager] Cannot connect to Unity Package Manager local server
[Package Manager] Server::EnsureServerProcessIsRunning -- launch failed, reason: Unity was launched with the -noUpm command-line argument
[Package Manager] UpmClient::Send -- Unable to send message (not connected to UPM process).
[Package Manager] Cannot connect to Unity Package Manager local server
Mono: successfully reloaded assembly
[Package Manager] Server::EnsureServerProcessIsRunning -- launch failed, reason: Unity was launched with the -noUpm command-line argument
[Package Manager] UpmClient::Send -- Unable to send message (not connected to UPM process).
[Package Manager] Cannot connect to Unity Package Manager local server
- Finished resetting the current domain, in  6.185 seconds
Domain Reload Profiling: 7549ms
	BeginReloadAssembly (469ms)
		ExecutionOrderSort (0ms)
		DisableScriptedObjects (15ms)
		BackupInstance (0ms)
		ReleaseScriptingObjects (0ms)
		CreateAndSetChildDomain (194ms)
	RebuildCommonClasses (84ms)
	RebuildNativeTypeToScriptingClass (32ms)
	initialDomainReloadingComplete (93ms)
	LoadAllAssembliesAndSetupDomain (681ms)
		LoadAssemblies (837ms)
		RebuildTransferFunctionScriptingTraits (0ms)
		AnalyzeDomain (49ms)
			TypeCache.Refresh (21ms)
				TypeCache.ScanAssembly (0ms)
			ScanForSourceGeneratedMonoScriptInfo (0ms)
			ResolveRequiredComponents (25ms)
	FinalizeReload (6189ms)
		ReleaseScriptCaches (0ms)
		RebuildScriptCaches (0ms)
		SetupLoadedEditorAssemblies (3644ms)
			LogAssemblyErrors (0ms)
			InitializePlatformSupportModulesInManaged (193ms)
			SetLoadedEditorAssemblies (19ms)
			RefreshPlugins (0ms)
			BeforeProcessingInitializeOnLoad (516ms)
			ProcessInitializeOnLoadAttributes (2577ms)
			ProcessInitializeOnLoadMethodAttributes (297ms)
			AfterProcessingInitializeOnLoad (40ms)
			EditorAssembliesLoaded (2ms)
		ExecutionOrderSort2 (0ms)
		AwakeInstancesAfterBackupRestoration (62ms)
Refreshing native plugins compatible for Editor in 18.78 ms, found 4 plugins.
Preloading 0 native plugins for Editor in 0.00 ms.
Unloading 4421 Unused Serialized files (Serialized files now loaded: 0)
Unloading 40 unused Assets / (1.5 MB). Loaded Objects now: 5051.
Memory consumption went from 173.0 MB to 171.5 MB.
Total: 14.661100 ms (FindLiveObjects: 0.978700 ms CreateObjectMapping: 1.472200 ms MarkObjects: 9.818400 ms  DeleteObjects: 2.388900 ms)

Prepare: number of updated asset objects reloaded= 0
AssetImportParameters requested are different than current active one (requested -> active):
  custom:container-demuxer-ogg: 62fdf1f143b41e24485cea50d1cbac27 -> 
  custom:video-codec-MediaFoundation-h265: 746d11721c4dcdbdad8f713fa42b33f4 -> 
  custom:video-decoder-ogg-theora: a1e56fd34408186e4bbccfd4996cb3dc -> 
  custom:framework-win-MediaFoundation: 216162199b28c13a410421893ffa2e32 -> 
  custom:CustomObjectIndexerAttribute: 9a22284fe3817be447336de3de66b15e -> 
  custom:container-demuxer-webm: 4f35f7cbe854078d1ac9338744f61a02 -> 
  custom:container-muxer-webm: aa71ff27fc2769a1b78a27578f13a17b -> 
  custom:video-decoder-webm-vp8: 9c59270c3fd7afecdb556c50c9e8de78 -> 
  custom:SearchIndexIgnoredProperties: e643bd26f0fe6173181afceb89e7c659 -> 
  custom:AudioImporter_EditorPlatform: d09bf68614088b80899f8185d706f6e7 -> 
  custom:video-encoder-webm-vp8: eb34c28f22e8b96e1ab97ce403110664 -> 
  custom:audio-decoder-ogg-vorbis: bf7c407c2cedff20999df2af8eb42d56 -> 
  custom:audio-encoder-webm-vorbis: bf7c407c2cedff20999df2af8eb42d56 -> 
